<?xml version="1.0" encoding="UTF-8"?>
<!-- Generated by org.testng.reporters.JUnitReportReporter -->
<testsuite hostname="LAPTOP-E42ICP36" failures="0" tests="1" name="testCases.LoginTestCase" time="17.620" errors="0" timestamp="2024-02-08T18:19:57 IST" skipped="0">
  <testcase classname="testCases.LoginTestCase" name="login" time="17.620"/>
  <system-out/>
</testsuite> <!-- testCases.LoginTestCase -->
